<?xml version="1.0" encoding="UTF-8"?>
<testng-results skipped="0" failed="0" ignored="0" total="1" passed="1">
  <reporter-output>
  </reporter-output>
  <suite name="Default suite" duration-ms="1674" started-at="2023-03-06T22:59:31Z" finished-at="2023-03-06T22:59:33Z">
    <groups>
    </groups>
    <test name="Default test" duration-ms="1674" started-at="2023-03-06T22:59:31Z" finished-at="2023-03-06T22:59:33Z">
      <class name="restAssured.restAssured.Test01_Authentication">
        <test-method status="PASS" signature="authenticationTest()[pri:0, instance:restAssured.restAssured.Test01_Authentication@7cd62f43]" name="authenticationTest" duration-ms="1575" started-at="2023-03-06T22:59:31Z" finished-at="2023-03-06T22:59:33Z">
          <reporter-output>
          </reporter-output>
        </test-method> <!-- authenticationTest -->
      </class> <!-- restAssured.restAssured.Test01_Authentication -->
    </test> <!-- Default test -->
  </suite> <!-- Default suite -->
</testng-results>
