<?xml version="1.0" encoding="UTF-8"?>
<!-- Generated by org.testng.reporters.JUnitXMLReporter -->
<testsuite hostname="DESKTOP-P4V00TR" ignored="0" name="Test" tests="7" failures="0" timestamp="06 Mar 2023 22:29:03 GMT" time="9.737" errors="0">
  <testcase name="test_param" time="0.041" classname="restAssured.restAssured.DataDrivenExamples1"/>
  <testcase name="test_01" time="6.413" classname="restAssured.restAssured.Test01_GET"/>
  <testcase name="test_02" time="0.422" classname="restAssured.restAssured.Test01_GET"/>
  <testcase name="test_03" time="2.089" classname="restAssured.restAssured.Test01_GET"/>
  <testcase name="test_04" time="0.337" classname="restAssured.restAssured.Test01_GET"/>
  <testcase name="test_delete1" time="0.285" classname="restAssured.restAssured.Test01_POST"/>
  <testcase name="test_1_post" time="0.005" classname="restAssured.restAssured.Tests_POST"/>
</testsuite> <!-- Test -->
